<?xml version="1.0" encoding="UTF-8"?>
<testsuite name="com.github.ahale212.service.AddServiceSpec" tests="3" skipped="0" failures="0" errors="0" timestamp="2019-06-14T07:57:45" hostname="adams-MacBook-Pro.local" time="0.018">
  <properties/>
  <testcase name="when addNumbers is called, will sum the two numbers supplied and return the result[0]" classname="com.github.ahale212.service.AddServiceSpec" time="0.005"/>
  <testcase name="when addNumbers is called, will sum the two numbers supplied and return the result[1]" classname="com.github.ahale212.service.AddServiceSpec" time="0.004"/>
  <testcase name="when addNumbers is called, will sum the two numbers supplied and return the result[2]" classname="com.github.ahale212.service.AddServiceSpec" time="0.005"/>
  <system-out><![CDATA[]]></system-out>
  <system-err><![CDATA[]]></system-err>
</testsuite>
